{"C:\\Users\\win\\Desktop\\node-dev\\session-10\\10-1\\index.js":{"path":"C:\\Users\\win\\Desktop\\node-dev\\session-10\\10-1\\index.js","s":{"1":1,"2":0,"3":0,"4":0,"5":0,"6":1,"7":0,"8":0,"9":0,"10":1,"11":0,"12":0,"13":0,"14":1},"b":{"1":[0,0],"2":[0,0]},"f":{"1":0,"2":0,"3":0,"4":0,"5":0},"fnMap":{"1":{"name":"add","line":1,"loc":{"start":{"line":1,"column":0},"end":{"line":1,"column":14}}},"2":{"name":"(anonymous_2)","line":3,"loc":{"start":{"line":3,"column":47},"end":{"line":3,"column":60}}},"3":{"name":"objType","line":10,"loc":{"start":{"line":10,"column":0},"end":{"line":10,"column":21}}},"4":{"name":"async","line":18,"loc":{"start":{"line":18,"column":0},"end":{"line":18,"column":24}}},"5":{"name":"(anonymous_5)","line":19,"loc":{"start":{"line":19,"column":15},"end":{"line":19,"column":25}}}},"statementMap":{"1":{"start":{"line":1,"column":0},"end":{"line":9,"column":1}},"2":{"start":{"line":2,"column":4},"end":{"line":8,"column":5}},"3":{"start":{"line":3,"column":8},"end":{"line":5,"column":10}},"4":{"start":{"line":4,"column":12},"end":{"line":4,"column":26}},"5":{"start":{"line":7,"column":8},"end":{"line":7,"column":16}},"6":{"start":{"line":10,"column":0},"end":{"line":16,"column":1}},"7":{"start":{"line":11,"column":4},"end":{"line":15,"column":5}},"8":{"start":{"line":12,"column":8},"end":{"line":12,"column":17}},"9":{"start":{"line":14,"column":8},"end":{"line":14,"column":20}},"10":{"start":{"line":18,"column":0},"end":{"line":23,"column":1}},"11":{"start":{"line":19,"column":4},"end":{"line":22,"column":10}},"12":{"start":{"line":20,"column":8},"end":{"line":20,"column":28}},"13":{"start":{"line":21,"column":8},"end":{"line":21,"column":18}},"14":{"start":{"line":25,"column":0},"end":{"line":29,"column":1}}},"branchMap":{"1":{"line":2,"type":"if","locations":[{"start":{"line":2,"column":4},"end":{"line":2,"column":4}},{"start":{"line":2,"column":4},"end":{"line":2,"column":4}}]},"2":{"line":11,"type":"if","locations":[{"start":{"line":11,"column":4},"end":{"line":11,"column":4}},{"start":{"line":11,"column":4},"end":{"line":11,"column":4}}]}}}}